2022-12-06 10:03:13 [INFO] Starting minecraft server version 1.5.2
2022-12-06 10:03:18 [INFO] Loading properties
2022-12-06 10:03:18 [INFO] Default game type: SURVIVAL
2022-12-06 10:03:18 [INFO] Generating keypair
2022-12-06 10:03:19 [INFO] Starting Minecraft server on *:25565
2022-12-06 10:03:21 [WARNING] Failed to load operators list: java.io.FileNotFoundException: .\ops.txt (The system cannot find the file specified)
2022-12-06 10:03:21 [WARNING] Failed to load white-list: java.io.FileNotFoundException: .\white-list.txt (The system cannot find the file specified)
2022-12-06 10:03:21 [INFO] Preparing level "world"
2022-12-06 10:03:21 [INFO] Preparing start region for level 0
2022-12-06 10:03:23 [INFO] Preparing spawn area: 4%
2022-12-06 10:03:24 [INFO] Preparing spawn area: 7%
2022-12-06 10:03:25 [INFO] Preparing spawn area: 21%
2022-12-06 10:03:26 [INFO] Preparing spawn area: 36%
2022-12-06 10:03:27 [INFO] Preparing spawn area: 50%
2022-12-06 10:03:28 [INFO] Preparing spawn area: 65%
2022-12-06 10:03:29 [INFO] Preparing spawn area: 79%
2022-12-06 10:03:30 [INFO] Preparing spawn area: 94%
2022-12-06 10:03:31 [INFO] Done (9.634s)! For help, type "help" or "?"
2022-12-06 10:03:31 [INFO] /127.0.0.1:57721 lost connection
2022-12-06 10:03:31 [INFO] /192.168.1.65:57720 lost connection
2022-12-06 10:03:31 [INFO] /89.114.83.230:57722 lost connection
2022-12-06 10:03:37 [INFO] FoxZoldyck [/192.168.1.65:57730] lost connection
2022-12-06 10:03:38 [INFO] /127.0.0.1:57735 lost connection
2022-12-06 10:03:39 [INFO] FoxZoldyck [/89.114.83.230:57736] lost connection
2022-12-06 10:03:58 [INFO] Starting minecraft server version 1.5.2
2022-12-06 10:03:58 [INFO] Loading properties
2022-12-06 10:03:58 [INFO] Default game type: SURVIVAL
2022-12-06 10:03:58 [INFO] Generating keypair
2022-12-06 10:03:59 [INFO] Starting Minecraft server on *:25565
2022-12-06 10:03:59 [INFO] Preparing level "world"
2022-12-06 10:03:59 [INFO] Preparing start region for level 0
2022-12-06 10:03:59 [INFO] Done (0.689s)! For help, type "help" or "?"
2022-12-06 10:03:59 [INFO] Stopping server
2022-12-06 10:03:59 [INFO] Saving players
2022-12-06 10:03:59 [INFO] Saving worlds
2022-12-06 10:03:59 [INFO] Closing listening thread
2022-12-06 10:03:59 [INFO] Saving chunks for level 'world'/Overworld
2022-12-06 10:03:59 [INFO] Saving chunks for level 'world'/Nether
2022-12-06 10:03:59 [INFO] Saving chunks for level 'world'/The End
2022-12-06 10:04:00 [INFO] Stopping server
2022-12-06 10:04:00 [INFO] Saving players
2022-12-06 10:04:00 [INFO] Saving worlds
2022-12-06 10:04:00 [INFO] Saving chunks for level 'world'/Overworld
2022-12-06 10:04:00 [INFO] Saving chunks for level 'world'/Nether
2022-12-06 10:04:04 [INFO] Starting minecraft server version 1.5.2
2022-12-06 10:04:10 [INFO] Loading properties
2022-12-06 10:04:10 [INFO] Default game type: SURVIVAL
2022-12-06 10:04:10 [INFO] Generating keypair
2022-12-06 10:04:10 [INFO] Starting Minecraft server on *:25565
2022-12-06 10:04:12 [INFO] Preparing level "world"
2022-12-06 10:04:12 [INFO] Preparing start region for level 0
2022-12-06 10:04:14 [INFO] Preparing spawn area: 4%
2022-12-06 10:04:15 [INFO] Preparing spawn area: 9%
2022-12-06 10:04:16 [INFO] Preparing spawn area: 16%
2022-12-06 10:04:17 [INFO] Preparing spawn area: 24%
2022-12-06 10:04:18 [INFO] Preparing spawn area: 30%
2022-12-06 10:04:19 [INFO] Preparing spawn area: 38%
2022-12-06 10:04:20 [INFO] Preparing spawn area: 49%
2022-12-06 10:04:21 [INFO] Preparing spawn area: 60%
2022-12-06 10:04:22 [INFO] Preparing spawn area: 76%
2022-12-06 10:04:30 [INFO] Preparing spawn area: 90%
2022-12-06 10:04:31 [INFO] Done (18.720s)! For help, type "help" or "?"
2022-12-06 10:04:31 [INFO] /89.114.83.230:57783 lost connection
2022-12-06 10:04:38 [INFO] FoxZoldyck [/192.168.1.65:57803] lost connection
2022-12-06 10:04:42 [INFO] FoxZoldyck [/89.114.83.230:57809] lost connection
2022-12-06 10:04:45 [INFO] FoxZoldyck [/127.0.0.1:57814] lost connection
2022-12-06 10:04:47 [INFO] /89.114.83.230:57815 lost connection
2022-12-06 10:06:38 [INFO] Stopping server
2022-12-06 10:07:06 [INFO] Starting minecraft server version 1.5.2
2022-12-06 10:07:11 [INFO] Loading properties
2022-12-06 10:07:11 [INFO] Default game type: SURVIVAL
2022-12-06 10:07:11 [INFO] Generating keypair
2022-12-06 10:07:11 [INFO] Starting Minecraft server on *:25565
2022-12-06 10:07:11 [WARNING] **** SERVER IS RUNNING IN OFFLINE/INSECURE MODE!
2022-12-06 10:07:11 [WARNING] The server will make no attempt to authenticate usernames. Beware.
2022-12-06 10:07:11 [WARNING] While this makes the game possible to play without internet access, it also opens up the ability for hackers to connect with any username they choose.
2022-12-06 10:07:11 [WARNING] To change this, set "online-mode" to "true" in the server.properties file.
2022-12-06 10:07:13 [INFO] Preparing level "world"
2022-12-06 10:07:14 [INFO] Preparing start region for level 0
2022-12-06 10:07:14 [INFO] Done (0.930s)! For help, type "help" or "?"
2022-12-06 10:07:28 [INFO] FoxZoldyck[/89.114.83.230:57909] logged in with entity id 782 at (189.5, 65.0, 250.5)
2022-12-06 10:08:14 [INFO] FoxZoldyck lost connection: disconnect.quitting
2022-12-06 12:23:42 [INFO] /103.56.61.147:40932 lost connection
2022-12-06 17:44:35 [INFO] FoxZoldyck[/192.168.1.65:60610] logged in with entity id 6242 at (187.58448484927084, 67.0, 282.92330855038693)
2022-12-06 17:44:54 [WARNING] Can't keep up! Did the system time change, or is the server overloaded?
2022-12-06 17:46:01 [INFO] Opped FoxZoldyck
2022-12-06 17:46:04 [INFO] [FoxZoldyck: Set own game mode to Creative Mode]
2022-12-06 17:48:25 [WARNING] FoxZoldyck moved too quickly! -414.0,2.0,-270.0 (414.0, 2.0, 270.0)
2022-12-06 17:48:25 [WARNING] Can't keep up! Did the system time change, or is the server overloaded?
2022-12-06 17:50:19 [INFO] FoxZoldyck lost connection: disconnect.quitting
2022-12-06 18:12:04 [INFO] /45.33.50.110:51748 lost connection
2022-12-06 18:12:45 [INFO] /45.33.50.110:51752 lost connection
2022-12-06 18:14:08 [INFO] /127.0.0.1:52261 lost connection
2022-12-06 18:15:55 [INFO] FoxZoldyck[/127.0.0.1:52328] logged in with entity id 21057 at (466.81770236650465, 76.0, -523.4375944599522)
2022-12-06 18:16:11 [INFO] FoxZoldyck lost connection: disconnect.quitting
2022-12-06 18:16:15 [INFO] FoxZoldyck[/192.168.1.65:52355] logged in with entity id 21063 at (466.81770236650465, 76.0, -523.4375944599522)
2022-12-06 18:16:32 [INFO] FoxZoldyck lost connection: disconnect.quitting
2022-12-06 18:16:33 [INFO] /127.0.0.1:52372 lost connection
2022-12-06 18:16:35 [INFO] FoxZoldyck[/89.114.83.230:52374] logged in with entity id 21069 at (466.81770236650465, 76.0, -523.4375944599522)
2022-12-06 18:16:45 [INFO] FoxZoldyck lost connection: disconnect.quitting
2022-12-06 18:16:47 [INFO] Unknown command. Try /help for a list of commands.
2022-12-06 18:16:48 [INFO] Unknown command. Try /help for a list of commands.
2022-12-06 18:16:48 [INFO] Unknown command. Try /help for a list of commands.
2022-12-06 18:16:48 [INFO] Unknown command. Try /help for a list of commands.
2022-12-06 18:16:48 [INFO] Unknown command. Try /help for a list of commands.
2022-12-06 18:16:48 [INFO] Unknown command. Try /help for a list of commands.
2022-12-06 18:16:50 [INFO] Unknown command. Try /help for a list of commands.
2022-12-06 18:16:53 [INFO] You must specify which player you wish to perform this action on.
2022-12-06 18:28:19 [INFO] Costa[/161.230.120.225:49830] logged in with entity id 21075 at (190.5, 65.0, 255.5)
2022-12-06 18:28:24 [INFO] FoxZoldyck[/192.168.1.65:54541] logged in with entity id 21874 at (466.81770236650465, 76.0, -523.4375944599522)
2022-12-06 18:28:37 [INFO] <Costa> ola rude
2022-12-06 18:28:57 [INFO] <FoxZoldyck> ola panado grelhado
2022-12-06 18:29:11 [INFO] [Server] Hello worms
2022-12-06 18:29:45 [INFO] [Server] \u001b[31m
2022-12-06 18:29:50 [INFO] [Server] \u001b[31m Hello
2022-12-06 18:29:50 [INFO] Unknown command. Try /help for a list of commands.
2022-12-06 18:29:54 [INFO] Unknown command. Try /help for a list of commands.
2022-12-06 18:30:23 [INFO] [Server] \u001b[31m "Hello"
2022-12-06 18:30:35 [INFO] [Server] "\u001b[31m Hello"
2022-12-06 18:36:13 [INFO] Costa lost connection: disconnect.quitting
2022-12-06 18:36:22 [INFO] Unknown command. Try /help for a list of commands.
2022-12-06 18:36:26 [INFO] Set the time to 1
2022-12-06 18:36:36 [INFO] Costa[/161.230.120.225:42231] logged in with entity id 29897 at (200.28712395275338, 55.0, 238.54531912020343)
2022-12-06 18:41:26 [INFO] FoxZoldyck fell out of the world
2022-12-06 18:41:31 [WARNING] Can't keep up! Did the system time change, or is the server overloaded?
2022-12-06 18:41:57 [WARNING] FoxZoldyck moved too quickly! -499.5,1.0,489.5 (499.5, 1.0, 489.5)
2022-12-06 18:41:57 [WARNING] Can't keep up! Did the system time change, or is the server overloaded?
2022-12-06 18:44:41 [INFO] <Costa> olá
2022-12-06 18:44:48 [INFO] <Costa> estás no criativo?
2022-12-06 18:44:58 [INFO] Unknown command. Try /help for a list of commands.
2022-12-06 18:45:01 [INFO] [Server] sim
2022-12-06 18:45:31 [INFO] Unknown command. Try /help for a list of commands.
2022-12-06 18:45:31 [INFO] Unknown command. Try /help for a list of commands.
2022-12-06 18:45:33 [INFO] Unknown command. Try /help for a list of commands.
2022-12-06 18:45:33 [INFO] Unknown command. Try /help for a list of commands.
2022-12-06 18:45:33 [INFO] Unknown command. Try /help for a list of commands.
2022-12-06 18:45:34 [INFO] Unknown command. Try /help for a list of commands.
2022-12-06 18:45:34 [INFO] Unknown command. Try /help for a list of commands.
2022-12-06 18:45:49 [INFO] Given Steak (ID 364) * 64 to Costa
2022-12-06 18:48:38 [INFO] Set the time to 1
2022-12-06 18:55:31 [INFO] /51.15.34.47:61000 lost connection
2022-12-06 18:58:06 [INFO] Costa lost connection: disconnect.genericReason
2022-12-06 19:26:41 [INFO] Toggled downfall
2022-12-06 19:54:46 [INFO] There are 1/20 players online:
2022-12-06 19:54:46 [INFO] FoxZoldyck
2022-12-06 19:54:50 [INFO] Stopping server
2022-12-06 19:54:50 [INFO] Saving players
2022-12-06 23:58:59 [INFO] Starting minecraft server version 1.5.2
2022-12-06 23:58:59 [INFO] Loading properties
2022-12-06 23:58:59 [INFO] Default game type: SURVIVAL
2022-12-06 23:58:59 [INFO] Generating keypair
2022-12-06 23:58:59 [INFO] Starting Minecraft server on *:25565
2022-12-06 23:58:59 [WARNING] **** SERVER IS RUNNING IN OFFLINE/INSECURE MODE!
2022-12-06 23:58:59 [WARNING] The server will make no attempt to authenticate usernames. Beware.
2022-12-06 23:58:59 [WARNING] While this makes the game possible to play without internet access, it also opens up the ability for hackers to connect with any username they choose.
2022-12-06 23:58:59 [WARNING] To change this, set "online-mode" to "true" in the server.properties file.
2022-12-06 23:58:59 [INFO] Preparing level "world"
2022-12-06 23:59:00 [INFO] Preparing start region for level 0
2022-12-06 23:59:00 [SEVERE] Item entity 30 has no item?!
2022-12-06 23:59:00 [WARNING] Skipping Entity with id ProjectZulu|Core.Frog
2022-12-06 23:59:00 [SEVERE] Item entity 45 has no item?!
2022-12-06 23:59:00 [WARNING] Skipping Entity with id LegendGear.throwableBomb
2022-12-06 23:59:00 [WARNING] Skipping Entity with id LegendGear.throwableBomb
2022-12-06 23:59:00 [WARNING] Skipping Entity with id LegendGear.throwableBomb
2022-12-06 23:59:00 [WARNING] Skipping Entity with id LegendGear.throwableBomb
2022-12-06 23:59:00 [SEVERE] Item entity 92 has no item?!
2022-12-06 23:59:00 [WARNING] Skipping Entity with id BetterDungeons.TurtleBoss
2022-12-06 23:59:00 [WARNING] Skipping Entity with id ProjectZulu|Core.Frog
2022-12-06 23:59:00 [WARNING] Skipping Entity with id ProjectZulu|Core.Frog
2022-12-06 23:59:00 [SEVERE] Item entity 298 has no item?!
2022-12-06 23:59:00 [SEVERE] Item entity 301 has no item?!
2022-12-06 23:59:00 [SEVERE] Item entity 302 has no item?!
2022-12-06 23:59:00 [WARNING] Skipping Entity with id ProjectZulu|Core.Ostrich
2022-12-06 23:59:00 [WARNING] Skipping Entity with id ProjectZulu|Core.Ostrich
2022-12-06 23:59:00 [SEVERE] Item entity 303 has no item?!
2022-12-06 23:59:00 [INFO] Done (0.871s)! For help, type "help" or "?"
2022-12-06 23:59:00 [INFO] Stopping server
2022-12-06 23:59:00 [INFO] Saving players
2022-12-06 23:59:00 [INFO] Saving worlds
2022-12-06 23:59:00 [INFO] Closing listening thread
2022-12-06 23:59:00 [INFO] Saving chunks for level 'world'/Overworld
2022-12-06 23:59:00 [INFO] Saving chunks for level 'world'/Nether
2022-12-06 23:59:00 [INFO] Saving chunks for level 'world'/The End
2022-12-06 23:59:01 [INFO] Stopping server
2022-12-06 23:59:06 [INFO] Starting minecraft server version 1.5.2
2022-12-06 23:59:12 [INFO] Loading properties
2022-12-06 23:59:12 [INFO] Default game type: SURVIVAL
2022-12-06 23:59:12 [INFO] Generating keypair
2022-12-06 23:59:12 [INFO] Starting Minecraft server on *:25565
2022-12-06 23:59:12 [WARNING] **** SERVER IS RUNNING IN OFFLINE/INSECURE MODE!
2022-12-06 23:59:12 [WARNING] The server will make no attempt to authenticate usernames. Beware.
2022-12-06 23:59:12 [WARNING] While this makes the game possible to play without internet access, it also opens up the ability for hackers to connect with any username they choose.
2022-12-06 23:59:12 [WARNING] To change this, set "online-mode" to "true" in the server.properties file.
2022-12-06 23:59:15 [INFO] Preparing level "world"
2022-12-06 23:59:15 [INFO] Preparing start region for level 0
2022-12-06 23:59:17 [INFO] Preparing spawn area: 21%
2022-12-06 23:59:18 [INFO] Preparing spawn area: 29%
2022-12-06 23:59:19 [INFO] Done (4.433s)! For help, type "help" or "?"
2022-12-06 23:59:51 [INFO] Starting minecraft server version 1.5.2
2022-12-06 23:59:59 [INFO] Loading properties
2022-12-06 23:59:59 [INFO] Default game type: SURVIVAL
2022-12-06 23:59:59 [INFO] Generating keypair
2022-12-06 23:59:59 [INFO] Starting Minecraft server on *:25565
2022-12-06 23:59:59 [WARNING] **** SERVER IS RUNNING IN OFFLINE/INSECURE MODE!
2022-12-06 23:59:59 [WARNING] The server will make no attempt to authenticate usernames. Beware.
2022-12-06 23:59:59 [WARNING] While this makes the game possible to play without internet access, it also opens up the ability for hackers to connect with any username they choose.
2022-12-06 23:59:59 [WARNING] To change this, set "online-mode" to "true" in the server.properties file.
2022-12-07 00:00:02 [INFO] Preparing level "world"
2022-12-07 00:00:04 [INFO] Preparing start region for level 0
2022-12-07 00:00:05 [INFO] Done (2.344s)! For help, type "help" or "?"
2022-12-07 00:03:17 [INFO] Bia[/89.153.136.87:63980] logged in with entity id 223 at (432.9693903686947, 83.0, 13.847347253659702)
2022-12-07 00:20:24 [WARNING] Bia moved wrongly!
2022-12-07 00:20:37 [WARNING] Bia moved wrongly!
2022-12-07 00:21:02 [WARNING] Bia moved wrongly!
2022-12-07 00:21:45 [INFO] Unknown command. Try /help for a list of commands.
2022-12-07 00:21:45 [INFO] Unknown command. Try /help for a list of commands.
2022-12-07 00:21:52 [INFO] Unknown command. Try /help for a list of commands.
2022-12-07 00:21:57 [INFO] [Server] Hello worm
2022-12-07 00:22:05 [WARNING] Bia moved wrongly!
2022-12-07 00:22:10 [WARNING] Bia moved wrongly!
2022-12-07 00:22:15 [INFO] [Server] P ra de vender me ao Rui
2022-12-07 00:23:57 [INFO] RuiTails[/127.0.0.1:53860] logged in with entity id 18712 at (234.5, 60.0, 244.5)
2022-12-07 00:24:24 [INFO] Opped RuiTails
2022-12-07 00:24:34 [INFO] [RuiTails: Teleported RuiTails to Bia]
2022-12-07 00:24:40 [WARNING] Bia moved wrongly!
2022-12-07 00:24:51 [WARNING] Bia moved wrongly!
2022-12-07 00:25:13 [WARNING] Bia moved wrongly!
2022-12-07 00:25:19 [WARNING] Bia moved wrongly!
2022-12-07 00:26:26 [WARNING] RuiTails moved wrongly!
2022-12-07 00:27:21 [INFO] FoxZoldyck[/192.168.1.65:53927] logged in with entity id 23487 at (444.9558765181181, 77.0, 21.748720549735562)
2022-12-07 00:27:29 [INFO] <FoxZoldyck> Olá
2022-12-07 00:27:35 [INFO] <RuiTails> Olá Zoldyck
2022-12-07 00:29:49 [INFO] FoxZoldyck lost connection: disconnect.quitting
2022-12-07 00:30:16 [WARNING] RuiTails moved wrongly!
2022-12-07 00:30:37 [WARNING] Bia moved wrongly!
2022-12-07 00:30:44 [WARNING] Bia moved wrongly!
2022-12-07 00:30:54 [INFO] [RuiTails: Teleported RuiTails to Bia]
2022-12-07 00:31:32 [WARNING] Bia moved wrongly!
2022-12-07 00:31:33 [WARNING] RuiTails moved wrongly!
2022-12-07 00:31:39 [WARNING] RuiTails moved wrongly!
2022-12-07 00:31:41 [WARNING] Bia moved wrongly!
2022-12-07 00:37:16 [WARNING] RuiTails moved wrongly!
2022-12-07 00:37:18 [WARNING] RuiTails moved wrongly!
2022-12-07 00:37:32 [WARNING] RuiTails moved wrongly!
2022-12-07 00:37:34 [WARNING] RuiTails moved wrongly!
2022-12-07 00:38:58 [SEVERE] Wrong location! AS_EntityGolemFireball['entity.BattleTowers.Golem Fireball.name'/36882, l='world', x=631.00, y=2544.00, z=-128.00]
2022-12-07 00:39:09 [SEVERE] Wrong location! AS_EntityGolemFireball['entity.BattleTowers.Golem Fireball.name'/37583, l='world', x=534.00, y=3048.00, z=-192.00]
2022-12-07 00:39:12 [SEVERE] Wrong location! AS_EntityGolemFireball['entity.BattleTowers.Golem Fireball.name'/37691, l='world', x=357.00, y=3468.00, z=-192.00]
2022-12-07 00:40:42 [WARNING] RuiTails moved wrongly!
2022-12-07 00:56:35 [INFO] RuiTails fell from a high place
2022-12-07 00:59:12 [WARNING] RuiTails moved wrongly!
2022-12-07 00:59:18 [WARNING] Bia moved wrongly!
2022-12-07 00:59:27 [WARNING] Bia moved wrongly!
2022-12-07 01:00:24 [WARNING] Bia moved wrongly!
2022-12-07 01:00:28 [WARNING] Bia moved wrongly!
2022-12-07 01:00:33 [WARNING] RuiTails moved wrongly!
2022-12-07 01:00:47 [WARNING] RuiTails moved wrongly!
2022-12-07 01:01:06 [WARNING] RuiTails moved wrongly!
2022-12-07 01:01:09 [WARNING] RuiTails moved wrongly!
2022-12-07 01:01:43 [WARNING] RuiTails moved wrongly!
2022-12-07 01:01:46 [WARNING] RuiTails moved wrongly!
2022-12-07 01:01:52 [WARNING] RuiTails moved wrongly!
2022-12-07 01:04:23 [WARNING] Bia moved wrongly!
2022-12-07 01:04:30 [WARNING] Bia moved wrongly!
2022-12-07 01:05:33 [WARNING] RuiTails moved wrongly!
2022-12-07 01:05:34 [WARNING] Bia moved wrongly!
2022-12-07 01:05:38 [WARNING] Bia moved wrongly!
2022-12-07 01:06:30 [WARNING] RuiTails moved wrongly!
2022-12-07 01:06:32 [WARNING] RuiTails moved wrongly!
2022-12-07 01:10:59 [WARNING] RuiTails moved wrongly!
2022-12-07 01:11:02 [WARNING] RuiTails moved wrongly!
2022-12-07 01:11:17 [WARNING] RuiTails moved too quickly! -4049.0,100.0,-1931.0 (4049.0, 100.0, 1931.0)
2022-12-07 01:12:43 [WARNING] Bia moved wrongly!
2022-12-07 01:12:49 [WARNING] Bia moved wrongly!
2022-12-07 01:13:16 [WARNING] RuiTails moved too quickly! -964.5,0.0,-3622.5 (964.5, 0.0784000015258789, 3622.5)
2022-12-07 01:13:16 [WARNING] Can't keep up! Did the system time change, or is the server overloaded?
2022-12-07 01:13:31 [WARNING] Bia moved wrongly!
2022-12-07 01:13:34 [WARNING] Bia moved wrongly!
2022-12-07 01:14:42 [INFO] [RuiTails: Teleported RuiTails to Bia]
2022-12-07 01:14:46 [WARNING] RuiTails moved wrongly!
2022-12-07 01:14:55 [WARNING] RuiTails moved wrongly!
2022-12-07 01:15:38 [WARNING] RuiTails moved wrongly!
2022-12-07 01:15:41 [WARNING] RuiTails moved wrongly!
2022-12-07 01:15:53 [WARNING] RuiTails moved wrongly!
2022-12-07 01:15:57 [WARNING] Bia moved wrongly!
2022-12-07 01:16:05 [WARNING] Bia moved wrongly!
2022-12-07 01:16:38 [WARNING] Bia moved wrongly!
2022-12-07 01:16:41 [WARNING] Bia moved wrongly!
2022-12-07 01:16:48 [WARNING] RuiTails moved wrongly!
2022-12-07 01:16:52 [WARNING] RuiTails moved wrongly!
2022-12-07 01:16:55 [WARNING] RuiTails moved wrongly!
2022-12-07 01:31:20 [INFO] RuiTails was slain by Bia
2022-12-07 01:37:58 [WARNING] RuiTails moved wrongly!
2022-12-07 01:38:02 [WARNING] RuiTails moved wrongly!
2022-12-07 01:38:06 [WARNING] RuiTails moved wrongly!
2022-12-07 01:38:42 [WARNING] RuiTails moved wrongly!
2022-12-07 01:38:45 [WARNING] RuiTails moved wrongly!
2022-12-07 01:41:47 [WARNING] RuiTails moved wrongly!
2022-12-07 01:45:20 [WARNING] Can't keep up! Did the system time change, or is the server overloaded?
2022-12-07 01:45:40 [WARNING] Can't keep up! Did the system time change, or is the server overloaded?
2022-12-07 01:50:35 [WARNING] Bia moved wrongly!
2022-12-07 01:51:27 [WARNING] Bia moved wrongly!
2022-12-07 01:53:21 [WARNING] Bia moved wrongly!
2022-12-07 01:53:24 [WARNING] Bia moved wrongly!
2022-12-07 02:00:19 [INFO] /143.244.169.25:40496 lost connection
2022-12-07 02:00:19 [INFO] /143.244.169.25:40500 lost connection
2022-12-07 02:00:34 [WARNING] RuiTails moved wrongly!
2022-12-07 02:03:29 [WARNING] Bia moved wrongly!
2022-12-07 02:03:34 [WARNING] Bia moved wrongly!
2022-12-07 02:07:48 [WARNING] Bia moved wrongly!
2022-12-07 02:07:51 [WARNING] Bia moved wrongly!
2022-12-07 02:13:32 [INFO] RuiTails was burnt to a crisp whilst fighting Dwarf Grenadier
2022-12-07 02:23:14 [INFO] [RuiTails: Teleported RuiTails to Bia]
2022-12-07 02:27:22 [INFO] [RuiTails: Teleported Bia to 432.50,79.50,17.50]
2022-12-07 02:27:54 [WARNING] RuiTails moved wrongly!
2022-12-07 02:29:00 [WARNING] RuiTails moved wrongly!
2022-12-07 02:30:12 [INFO] Bia lost connection: disconnect.genericReason
2022-12-07 02:33:02 [INFO] Bia[/89.153.136.87:59786] logged in with entity id 224324 at (418.4124731772866, 81.0, 14.701818051019004)
2022-12-07 02:35:24 [INFO] [RuiTails: Teleported RuiTails to Bia]
2022-12-07 02:40:33 [WARNING] RuiTails moved wrongly!
2022-12-07 02:40:35 [WARNING] RuiTails moved wrongly!
2022-12-07 02:42:17 [WARNING] RuiTails moved wrongly!
2022-12-07 02:44:17 [WARNING] RuiTails moved wrongly!
2022-12-07 02:47:11 [INFO] [RuiTails: Teleported RuiTails to Bia]
2022-12-07 02:47:53 [INFO] RuiTails burned to death
2022-12-07 02:48:08 [WARNING] RuiTails moved wrongly!
2022-12-07 02:48:25 [INFO] [RuiTails: Set own game mode to Creative Mode]
2022-12-07 02:50:35 [INFO] [RuiTails: Set own game mode to Survival Mode]
2022-12-07 02:51:37 [WARNING] RuiTails moved wrongly!
2022-12-07 02:54:31 [WARNING] RuiTails moved wrongly!
2022-12-07 02:54:35 [WARNING] RuiTails moved wrongly!
2022-12-07 02:54:38 [WARNING] RuiTails moved wrongly!
2022-12-07 02:54:45 [WARNING] RuiTails moved wrongly!
2022-12-07 02:54:48 [WARNING] RuiTails moved wrongly!
2022-12-07 02:54:51 [WARNING] RuiTails moved wrongly!
2022-12-07 02:58:38 [SEVERE] Wrong location! AS_EntityGolemFireball['entity.BattleTowers.Golem Fireball.name'/252192, l='world', x=534.00, y=3048.00, z=-192.00]
2022-12-07 03:03:19 [WARNING] RuiTails moved wrongly!
2022-12-07 03:03:35 [WARNING] RuiTails moved wrongly!
2022-12-07 03:04:14 [WARNING] RuiTails moved wrongly!
2022-12-07 03:04:20 [WARNING] RuiTails moved wrongly!
2022-12-07 03:04:24 [WARNING] RuiTails moved wrongly!
2022-12-07 03:04:27 [WARNING] RuiTails moved wrongly!
2022-12-07 03:04:32 [WARNING] RuiTails moved wrongly!
2022-12-07 03:04:54 [WARNING] RuiTails moved wrongly!
2022-12-07 03:04:57 [WARNING] RuiTails moved wrongly!
2022-12-07 03:05:53 [WARNING] RuiTails moved wrongly!
2022-12-07 03:05:57 [WARNING] RuiTails moved wrongly!
2022-12-07 03:06:02 [WARNING] RuiTails moved wrongly!
2022-12-07 03:06:10 [WARNING] RuiTails moved wrongly!
2022-12-07 03:06:17 [WARNING] RuiTails moved wrongly!
2022-12-07 03:06:21 [WARNING] RuiTails moved wrongly!
2022-12-07 03:06:34 [WARNING] RuiTails moved wrongly!
2022-12-07 03:06:44 [WARNING] RuiTails moved wrongly!
2022-12-07 03:06:49 [WARNING] RuiTails moved wrongly!
2022-12-07 03:07:07 [INFO] RuiTails fell out of the world
2022-12-07 03:13:10 [INFO] [RuiTails: Teleported RuiTails to Bia]
2022-12-07 03:20:15 [INFO] Bia lost connection: disconnect.genericReason
2022-12-07 03:20:17 [WARNING] RuiTails moved wrongly!
2022-12-07 03:22:23 [INFO] Bia[/89.153.136.87:64317] logged in with entity id 290775 at (413.0655737406866, 108.0, 12.6273403341402)
2022-12-07 03:22:45 [INFO] [RuiTails: Teleported RuiTails to Bia]
2022-12-07 03:27:11 [WARNING] RuiTails moved wrongly!
2022-12-07 03:29:49 [WARNING] RuiTails moved wrongly!
2022-12-07 03:33:15 [WARNING] RuiTails moved wrongly!
2022-12-07 03:33:37 [WARNING] Bia moved wrongly!
2022-12-07 03:33:45 [WARNING] Bia moved wrongly!
2022-12-07 03:33:51 [WARNING] Bia moved wrongly!
2022-12-07 03:35:46 [WARNING] RuiTails moved wrongly!
2022-12-07 03:36:26 [INFO] Bia fell from a high place
2022-12-07 03:37:19 [WARNING] RuiTails moved wrongly!
2022-12-07 03:37:42 [WARNING] RuiTails moved wrongly!
2022-12-07 03:39:57 [WARNING] Bia moved wrongly!
2022-12-07 03:40:09 [WARNING] Bia moved wrongly!
2022-12-07 03:40:55 [SEVERE] Wrong location! AS_EntityGolemFireball['entity.BattleTowers.Golem Fireball.name'/307926, l='world', x=357.00, y=3468.00, z=-192.00]
2022-12-07 03:40:55 [SEVERE] Wrong location! AS_EntityGolemFireball['entity.BattleTowers.Golem Fireball.name'/307928, l='world', x=533.00, y=3049.00, z=-192.00]
2022-12-07 03:41:05 [SEVERE] Wrong location! AS_EntityGolemFireball['entity.BattleTowers.Golem Fireball.name'/308043, l='world', x=357.00, y=3468.00, z=-192.00]
2022-12-07 03:41:05 [SEVERE] Wrong location! AS_EntityGolemFireball['entity.BattleTowers.Golem Fireball.name'/308045, l='world', x=533.00, y=3049.00, z=-192.00]
2022-12-07 03:42:00 [SEVERE] Wrong location! AS_EntityGolemFireball['entity.BattleTowers.Golem Fireball.name'/308820, l='world', x=357.00, y=3468.00, z=-192.00]
2022-12-07 03:42:00 [SEVERE] Wrong location! AS_EntityGolemFireball['entity.BattleTowers.Golem Fireball.name'/308822, l='world', x=533.00, y=3049.00, z=-192.00]
2022-12-07 03:42:13 [SEVERE] Wrong location! AS_EntityGolemFireball['entity.BattleTowers.Golem Fireball.name'/309003, l='world', x=357.00, y=3468.00, z=-192.00]
2022-12-07 03:42:13 [SEVERE] Wrong location! AS_EntityGolemFireball['entity.BattleTowers.Golem Fireball.name'/309005, l='world', x=533.00, y=3049.00, z=-192.00]
2022-12-07 03:54:42 [INFO] Bia lost connection: disconnect.genericReason
2022-12-07 03:55:38 [INFO] [RuiTails: Set own game mode to Creative Mode]
2022-12-07 03:58:27 [INFO] RuiTails lost connection: disconnect.quitting
2022-12-07 03:58:34 [INFO] Unknown command. Try /help for a list of commands.
2022-12-07 03:58:37 [INFO] Unknown command. Try /help for a list of commands.
2022-12-07 03:58:38 [INFO] Unknown command. Try /help for a list of commands.
2022-12-07 03:58:40 [INFO] Unknown command. Try /help for a list of commands.
2022-12-07 03:58:42 [INFO] Unknown command. Try /help for a list of commands.
2022-12-07 03:58:45 [INFO] Unknown command. Try /help for a list of commands.
2022-12-07 03:58:48 [INFO] Stopping server
2022-12-07 21:45:29 [INFO] Starting minecraft server version 1.5.2
2022-12-07 21:45:35 [INFO] Loading properties
2022-12-07 21:45:35 [INFO] Default game type: SURVIVAL
2022-12-07 21:45:35 [INFO] Generating keypair
2022-12-07 21:45:35 [INFO] Starting Minecraft server on *:25565
2022-12-07 21:45:35 [WARNING] **** SERVER IS RUNNING IN OFFLINE/INSECURE MODE!
2022-12-07 21:45:35 [WARNING] The server will make no attempt to authenticate usernames. Beware.
2022-12-07 21:45:35 [WARNING] While this makes the game possible to play without internet access, it also opens up the ability for hackers to connect with any username they choose.
2022-12-07 21:45:35 [WARNING] To change this, set "online-mode" to "true" in the server.properties file.
2022-12-07 21:45:37 [INFO] Preparing level "world"
2022-12-07 21:45:39 [INFO] Preparing start region for level 0
2022-12-07 21:45:40 [INFO] Done (2.499s)! For help, type "help" or "?"
2022-12-07 21:52:28 [WARNING] Can't keep up! Did the system time change, or is the server overloaded?
2022-12-07 21:53:13 [WARNING] Can't keep up! Did the system time change, or is the server overloaded?
2022-12-07 21:56:58 [WARNING] Can't keep up! Did the system time change, or is the server overloaded?
2022-12-07 21:57:43 [WARNING] Can't keep up! Did the system time change, or is the server overloaded?
2022-12-07 21:58:29 [WARNING] Can't keep up! Did the system time change, or is the server overloaded?
2022-12-07 22:03:44 [WARNING] Can't keep up! Did the system time change, or is the server overloaded?
2022-12-07 22:04:30 [WARNING] Can't keep up! Did the system time change, or is the server overloaded?
2022-12-07 22:05:15 [WARNING] Can't keep up! Did the system time change, or is the server overloaded?
2022-12-07 22:09:00 [WARNING] Can't keep up! Did the system time change, or is the server overloaded?
2022-12-07 22:09:46 [WARNING] Can't keep up! Did the system time change, or is the server overloaded?
2022-12-07 22:10:31 [WARNING] Can't keep up! Did the system time change, or is the server overloaded?
2022-12-07 22:12:42 [INFO] Bia[/89.153.136.87:49551] logged in with entity id 509 at (411.27716510090977, 69.0, 20.978487641375985)
2022-12-07 22:15:02 [WARNING] Can't keep up! Did the system time change, or is the server overloaded?
2022-12-07 22:15:47 [WARNING] Can't keep up! Did the system time change, or is the server overloaded?
2022-12-07 22:20:18 [WARNING] Can't keep up! Did the system time change, or is the server overloaded?
2022-12-07 22:21:03 [WARNING] Can't keep up! Did the system time change, or is the server overloaded?
2022-12-07 22:23:18 [WARNING] Can't keep up! Did the system time change, or is the server overloaded?
2022-12-07 22:27:03 [WARNING] Can't keep up! Did the system time change, or is the server overloaded?
2022-12-07 22:27:49 [WARNING] Can't keep up! Did the system time change, or is the server overloaded?
2022-12-07 22:32:19 [WARNING] Can't keep up! Did the system time change, or is the server overloaded?
2022-12-07 22:33:05 [WARNING] Can't keep up! Did the system time change, or is the server overloaded?
2022-12-07 22:33:50 [WARNING] Can't keep up! Did the system time change, or is the server overloaded?
2022-12-07 22:37:36 [WARNING] Can't keep up! Did the system time change, or is the server overloaded?
2022-12-07 22:38:22 [WARNING] Can't keep up! Did the system time change, or is the server overloaded?
2022-12-07 22:42:52 [WARNING] Can't keep up! Did the system time change, or is the server overloaded?
2022-12-07 22:47:22 [WARNING] Can't keep up! Did the system time change, or is the server overloaded?
2022-12-07 22:48:07 [WARNING] Can't keep up! Did the system time change, or is the server overloaded?
2022-12-07 22:48:52 [WARNING] Can't keep up! Did the system time change, or is the server overloaded?
2022-12-07 22:53:23 [WARNING] Can't keep up! Did the system time change, or is the server overloaded?
2022-12-07 23:05:23 [WARNING] Can't keep up! Did the system time change, or is the server overloaded?
2022-12-07 23:11:23 [WARNING] Can't keep up! Did the system time change, or is the server overloaded?
2022-12-07 23:12:08 [WARNING] Can't keep up! Did the system time change, or is the server overloaded?
2022-12-07 23:14:00 [INFO] /192.241.205.27:55754 lost connection
2022-12-07 23:18:53 [WARNING] Can't keep up! Did the system time change, or is the server overloaded?
2022-12-07 23:19:38 [WARNING] Can't keep up! Did the system time change, or is the server overloaded?
2022-12-07 23:20:23 [WARNING] Can't keep up! Did the system time change, or is the server overloaded?
2022-12-07 23:21:21 [INFO] /163.172.139.143:48474 lost connection
2022-12-07 23:21:26 [INFO] /163.172.139.143:52118 lost connection
2022-12-07 23:24:09 [WARNING] Can't keep up! Did the system time change, or is the server overloaded?
2022-12-07 23:24:54 [WARNING] Can't keep up! Did the system time change, or is the server overloaded?
2022-12-07 23:25:40 [WARNING] Can't keep up! Did the system time change, or is the server overloaded?
2022-12-07 23:32:25 [WARNING] Can't keep up! Did the system time change, or is the server overloaded?
2022-12-07 23:33:10 [WARNING] Can't keep up! Did the system time change, or is the server overloaded?
2022-12-07 23:33:55 [WARNING] Can't keep up! Did the system time change, or is the server overloaded?
2022-12-07 23:37:11 [INFO] There are 1/20 players online:
2022-12-07 23:37:11 [INFO] Bia
2022-12-07 23:37:20 [INFO] [Server] O que andas a fazer?
2022-12-07 23:37:35 [INFO] <Bia> o meu quarto
2022-12-07 23:37:41 [INFO] [Server] Let's go!
2022-12-07 23:46:41 [INFO] RuiTails[/127.0.0.1:49340] logged in with entity id 74452 at (449.27829150124904, 68.0, 62.48351938285356)
2022-12-07 23:46:55 [INFO] [RuiTails: Set own game mode to Survival Mode]
2022-12-07 23:47:15 [WARNING] RuiTails moved wrongly!
2022-12-07 23:47:18 [WARNING] RuiTails moved wrongly!
2022-12-07 23:47:21 [WARNING] RuiTails moved wrongly!
2022-12-07 23:47:25 [WARNING] RuiTails moved wrongly!
2022-12-07 23:47:56 [WARNING] RuiTails moved wrongly!
2022-12-07 23:48:45 [WARNING] RuiTails moved wrongly!
2022-12-07 23:48:47 [WARNING] RuiTails moved wrongly!
2022-12-07 23:48:58 [WARNING] RuiTails moved wrongly!
2022-12-07 23:50:32 [INFO] Bia lost connection: disconnect.genericReason
2022-12-08 00:06:54 [INFO] Bia[/89.153.136.87:50298] logged in with entity id 91636 at (415.69999998807907, 96.0, 18.12879579406975)
2022-12-08 00:08:51 [WARNING] Bia moved wrongly!
2022-12-08 00:08:56 [WARNING] Bia moved wrongly!
2022-12-08 00:10:06 [WARNING] RuiTails moved wrongly!
2022-12-08 00:10:10 [WARNING] RuiTails moved wrongly!
2022-12-08 00:10:24 [INFO] Bia lost connection: disconnect.quitting
2022-12-08 00:10:31 [INFO] Bia[/89.153.136.87:50332] logged in with entity id 97280 at (371.9130113757092, 64.0, 114.82360747423299)
2022-12-08 00:10:52 [WARNING] RuiTails moved wrongly!
2022-12-08 00:10:56 [WARNING] RuiTails moved wrongly!
2022-12-08 00:11:16 [WARNING] RuiTails moved wrongly!
2022-12-08 00:13:31 [WARNING] RuiTails moved wrongly!
2022-12-08 00:16:40 [WARNING] RuiTails moved wrongly!
2022-12-08 00:16:44 [WARNING] RuiTails moved wrongly!
2022-12-08 00:19:02 [WARNING] RuiTails moved wrongly!
2022-12-08 00:19:15 [WARNING] RuiTails moved wrongly!
2022-12-08 00:19:33 [WARNING] RuiTails moved wrongly!
2022-12-08 00:19:57 [WARNING] RuiTails moved wrongly!
2022-12-08 00:19:59 [WARNING] RuiTails moved wrongly!
2022-12-08 00:20:04 [WARNING] RuiTails moved wrongly!
2022-12-08 00:20:04 [WARNING] Bia moved wrongly!
2022-12-08 00:20:05 [WARNING] RuiTails moved wrongly!
2022-12-08 00:20:08 [WARNING] RuiTails moved wrongly!
2022-12-08 00:20:16 [WARNING] Bia moved wrongly!
2022-12-08 00:20:21 [WARNING] Bia moved wrongly!
2022-12-08 00:21:34 [WARNING] Bia moved wrongly!
2022-12-08 00:21:38 [WARNING] Bia moved wrongly!
2022-12-08 00:21:48 [WARNING] Bia moved wrongly!
2022-12-08 00:21:51 [WARNING] Bia moved wrongly!
2022-12-08 00:21:59 [WARNING] RuiTails moved wrongly!
2022-12-08 00:22:07 [WARNING] Bia moved wrongly!
2022-12-08 00:22:11 [WARNING] RuiTails moved wrongly!
2022-12-08 00:22:26 [INFO] Costa[/161.230.120.225:52182] logged in with entity id 112376 at (369.48622352160174, 48.0, 142.02053440966637)
2022-12-08 00:22:44 [WARNING] Costa moved wrongly!
2022-12-08 00:22:51 [WARNING] Costa moved wrongly!
2022-12-08 00:23:57 [WARNING] RuiTails moved wrongly!
2022-12-08 00:24:05 [WARNING] Costa moved wrongly!
2022-12-08 00:24:28 [WARNING] RuiTails moved wrongly!
2022-12-08 00:24:43 [INFO] Costa lost connection: disconnect.quitting
2022-12-08 00:25:10 [WARNING] RuiTails moved wrongly!
2022-12-08 00:25:52 [WARNING] RuiTails moved wrongly!
2022-12-08 00:26:23 [WARNING] RuiTails moved wrongly!
2022-12-08 00:27:50 [WARNING] RuiTails moved wrongly!
2022-12-08 00:27:57 [WARNING] RuiTails moved wrongly!
2022-12-08 00:28:00 [WARNING] RuiTails moved wrongly!
2022-12-08 00:28:16 [INFO] [RuiTails: Set the time to 19000]
2022-12-08 00:29:23 [WARNING] RuiTails moved wrongly!
2022-12-08 00:29:38 [WARNING] RuiTails moved wrongly!
2022-12-08 00:29:43 [WARNING] RuiTails moved wrongly!
2022-12-08 00:29:57 [WARNING] RuiTails moved wrongly!
2022-12-08 00:29:59 [WARNING] RuiTails moved wrongly!
2022-12-08 00:30:07 [WARNING] RuiTails moved wrongly!
2022-12-08 00:30:08 [WARNING] RuiTails moved wrongly!
2022-12-08 00:30:12 [WARNING] RuiTails moved wrongly!
2022-12-08 00:30:14 [WARNING] RuiTails moved wrongly!
2022-12-08 00:36:48 [WARNING] RuiTails moved wrongly!
2022-12-08 00:38:32 [WARNING] RuiTails moved wrongly!
2022-12-08 00:38:34 [WARNING] RuiTails moved wrongly!
2022-12-08 00:38:40 [WARNING] RuiTails moved wrongly!
2022-12-08 00:38:48 [WARNING] RuiTails moved wrongly!
2022-12-08 00:38:59 [WARNING] Bia moved wrongly!
2022-12-08 00:39:26 [WARNING] Bia moved wrongly!
2022-12-08 00:41:42 [WARNING] Can't keep up! Did the system time change, or is the server overloaded?
2022-12-08 00:49:19 [WARNING] Bia moved wrongly!
2022-12-08 00:52:43 [INFO] Bia lost connection: disconnect.genericReason
2022-12-08 00:54:59 [INFO] Bia[/89.153.136.87:60012] logged in with entity id 136657 at (141.90859949801182, 61.78111660086706, -78.13269189774911)
2022-12-08 00:54:59 [WARNING] Fetching addPacket for removed entity
2022-12-08 00:54:59 [WARNING] Fetching addPacket for removed entity
2022-12-08 00:55:25 [INFO] /103.56.61.147:38796 lost connection
2022-12-08 00:58:39 [WARNING] RuiTails moved wrongly!
2022-12-08 01:01:24 [WARNING] RuiTails moved wrongly!
2022-12-08 01:01:54 [WARNING] RuiTails moved wrongly!
2022-12-08 01:18:16 [WARNING] RuiTails moved wrongly!
2022-12-08 01:19:15 [INFO] [RuiTails: Teleported RuiTails to Bia]
2022-12-08 01:19:15 [WARNING] Fetching addPacket for removed entity
2022-12-08 01:28:32 [INFO] [RuiTails: Teleported RuiTails to Bia]
2022-12-08 01:30:51 [WARNING] RuiTails moved wrongly!
2022-12-08 01:34:35 [WARNING] RuiTails moved wrongly!
2022-12-08 01:35:47 [INFO] [RuiTails: Teleported RuiTails to Bia]
2022-12-08 01:36:17 [WARNING] RuiTails moved wrongly!
2022-12-08 01:36:40 [WARNING] RuiTails moved wrongly!
2022-12-08 01:36:46 [WARNING] Bia moved wrongly!
2022-12-08 01:36:48 [WARNING] RuiTails moved wrongly!
2022-12-08 01:36:56 [WARNING] Bia moved wrongly!
2022-12-08 01:41:10 [WARNING] RuiTails moved wrongly!
2022-12-08 01:41:12 [WARNING] RuiTails moved wrongly!
2022-12-08 01:44:13 [WARNING] RuiTails moved wrongly!
2022-12-08 01:44:34 [WARNING] RuiTails moved wrongly!
2022-12-08 01:49:50 [WARNING] Bia moved wrongly!
2022-12-08 01:52:08 [WARNING] RuiTails moved wrongly!
2022-12-08 01:52:16 [WARNING] RuiTails moved wrongly!
2022-12-08 01:53:19 [WARNING] RuiTails moved wrongly!
2022-12-08 01:53:31 [WARNING] RuiTails moved wrongly!
2022-12-08 01:53:34 [WARNING] RuiTails moved wrongly!
2022-12-08 01:53:40 [WARNING] RuiTails moved wrongly!
2022-12-08 01:53:42 [WARNING] RuiTails moved wrongly!
2022-12-08 01:58:14 [WARNING] RuiTails moved wrongly!
2022-12-08 01:58:27 [WARNING] RuiTails moved wrongly!
2022-12-08 02:02:26 [INFO] Bia lost connection: disconnect.genericReason
2022-12-08 02:04:52 [INFO] Bia[/89.153.136.87:62986] logged in with entity id 171590 at (423.6879357988534, 72.0, 37.92454849373729)
2022-12-08 02:05:46 [WARNING] RuiTails moved wrongly!
2022-12-08 02:07:33 [WARNING] RuiTails moved wrongly!
2022-12-08 02:07:36 [WARNING] RuiTails moved wrongly!
2022-12-08 02:07:41 [WARNING] RuiTails moved wrongly!
2022-12-08 02:12:13 [WARNING] RuiTails moved wrongly!
2022-12-08 02:12:18 [WARNING] RuiTails moved wrongly!
2022-12-08 02:13:09 [WARNING] RuiTails moved wrongly!
2022-12-08 02:13:13 [WARNING] RuiTails moved wrongly!
2022-12-08 02:13:16 [WARNING] RuiTails moved wrongly!
2022-12-08 02:16:09 [WARNING] RuiTails moved wrongly!
2022-12-08 02:16:31 [WARNING] RuiTails moved wrongly!
2022-12-08 02:16:48 [WARNING] RuiTails moved wrongly!
2022-12-08 02:16:55 [WARNING] RuiTails moved wrongly!
2022-12-08 02:16:58 [WARNING] RuiTails moved wrongly!
2022-12-08 02:18:28 [WARNING] RuiTails moved wrongly!
2022-12-08 02:18:32 [WARNING] RuiTails moved wrongly!
2022-12-08 02:18:37 [WARNING] RuiTails moved wrongly!
2022-12-08 02:18:41 [WARNING] RuiTails moved wrongly!
2022-12-08 02:19:26 [INFO] RuiTails fell out of the world
2022-12-08 02:19:58 [WARNING] RuiTails moved too quickly! -854.5,1.0,441.5 (854.5, 1.0, 441.5)
2022-12-08 02:19:58 [WARNING] Can't keep up! Did the system time change, or is the server overloaded?
2022-12-08 02:23:26 [INFO] [RuiTails: Teleported RuiTails to Bia]
2022-12-08 02:23:50 [WARNING] RuiTails moved wrongly!
2022-12-08 02:23:53 [WARNING] RuiTails moved wrongly!
2022-12-08 02:24:00 [WARNING] RuiTails moved wrongly!
2022-12-08 02:24:05 [WARNING] RuiTails moved wrongly!
2022-12-08 02:32:07 [WARNING] RuiTails moved wrongly!
2022-12-08 02:32:20 [WARNING] RuiTails moved wrongly!
2022-12-08 02:32:27 [WARNING] RuiTails moved wrongly!
2022-12-08 02:32:37 [WARNING] RuiTails moved wrongly!
2022-12-08 02:32:39 [WARNING] RuiTails moved wrongly!
2022-12-08 02:32:42 [WARNING] RuiTails moved wrongly!
2022-12-08 02:40:00 [INFO] [RuiTails: Teleported RuiTails to 455.50,73.50,13.50]
2022-12-08 02:42:57 [INFO] Bia lost connection: disconnect.genericReason
2022-12-08 02:43:19 [INFO] [RuiTails: Set the time to 19000]
2022-12-08 02:44:06 [INFO] [RuiTails: Set own game mode to Creative Mode]
2022-12-08 02:44:23 [INFO] [RuiTails: Set own game mode to Survival Mode]
2022-12-08 02:47:34 [INFO] [RuiTails: Set the time to 19000]
2022-12-08 02:51:35 [INFO] RuiTails lost connection: disconnect.quitting
2022-12-08 02:52:03 [INFO] Stopping server
2022-12-08 02:52:03 [INFO] Saving players
2022-12-08 21:25:08 [INFO] Starting minecraft server version 1.5.2
2022-12-08 21:25:12 [INFO] Loading properties
2022-12-08 21:25:12 [INFO] Default game type: SURVIVAL
2022-12-08 21:25:12 [INFO] Generating keypair
2022-12-08 21:25:12 [INFO] Starting Minecraft server on *:25565
2022-12-08 21:25:12 [WARNING] **** SERVER IS RUNNING IN OFFLINE/INSECURE MODE!
2022-12-08 21:25:12 [WARNING] The server will make no attempt to authenticate usernames. Beware.
2022-12-08 21:25:12 [WARNING] While this makes the game possible to play without internet access, it also opens up the ability for hackers to connect with any username they choose.
2022-12-08 21:25:12 [WARNING] To change this, set "online-mode" to "true" in the server.properties file.
2022-12-08 21:25:14 [INFO] Preparing level "world"
2022-12-08 21:25:16 [INFO] Preparing start region for level 0
2022-12-08 21:25:16 [INFO] Done (2.144s)! For help, type "help" or "?"
2022-12-08 21:38:09 [INFO] /51.15.34.47:61000 lost connection
2022-12-08 21:44:22 [INFO] There are 0/20 players online:
2022-12-08 21:44:22 [INFO] 
2022-12-08 21:56:18 [INFO] Bia[/89.153.136.87:53657] logged in with entity id 373 at (449.5, 77.0999984741211, 22.5)
2022-12-08 22:09:14 [WARNING] Bia moved wrongly!
2022-12-08 22:09:17 [WARNING] Bia moved wrongly!
2022-12-08 22:39:56 [WARNING] Can't keep up! Did the system time change, or is the server overloaded?
2022-12-08 22:44:49 [WARNING] Can't keep up! Did the system time change, or is the server overloaded?
2022-12-08 22:45:35 [WARNING] Can't keep up! Did the system time change, or is the server overloaded?
2022-12-08 22:46:20 [WARNING] Can't keep up! Did the system time change, or is the server overloaded?
2022-12-08 22:50:06 [WARNING] Can't keep up! Did the system time change, or is the server overloaded?
2022-12-08 22:50:52 [WARNING] Can't keep up! Did the system time change, or is the server overloaded?
2022-12-08 22:53:52 [WARNING] Can't keep up! Did the system time change, or is the server overloaded?
2022-12-08 23:04:22 [WARNING] Can't keep up! Did the system time change, or is the server overloaded?
2022-12-08 23:05:53 [WARNING] Can't keep up! Did the system time change, or is the server overloaded?
2022-12-08 23:09:39 [WARNING] Can't keep up! Did the system time change, or is the server overloaded?
2022-12-08 23:10:19 [INFO] Opped Bia
2022-12-08 23:10:25 [WARNING] Can't keep up! Did the system time change, or is the server overloaded?
2022-12-08 23:10:44 [INFO] [Bia: Teleported Bia to 52.50,18.50,70.50]
2022-12-08 23:11:10 [WARNING] Can't keep up! Did the system time change, or is the server overloaded?
2022-12-08 23:11:56 [WARNING] Can't keep up! Did the system time change, or is the server overloaded?
2022-12-08 23:12:41 [INFO] [Bia: Teleported Bia to 52.01,18.70,70.62]
2022-12-08 23:15:27 [INFO] [Bia: Teleported Bia to 52.01,18.70,70.62]
2022-12-08 23:15:41 [WARNING] Can't keep up! Did the system time change, or is the server overloaded?
2022-12-08 23:16:08 [INFO] [Bia: Teleported Bia to 53.50,70.50,18.50]
2022-12-08 23:16:26 [WARNING] Can't keep up! Did the system time change, or is the server overloaded?
2022-12-08 23:21:11 [WARNING] Bia moved wrongly!
2022-12-08 23:21:17 [WARNING] Bia moved wrongly!
2022-12-08 23:21:41 [WARNING] Can't keep up! Did the system time change, or is the server overloaded?
2022-12-08 23:22:27 [WARNING] Can't keep up! Did the system time change, or is the server overloaded?
2022-12-08 23:23:13 [WARNING] Can't keep up! Did the system time change, or is the server overloaded?
2022-12-08 23:30:43 [WARNING] Can't keep up! Did the system time change, or is the server overloaded?
2022-12-08 23:31:29 [WARNING] Can't keep up! Did the system time change, or is the server overloaded?
2022-12-08 23:32:14 [WARNING] Can't keep up! Did the system time change, or is the server overloaded?
2022-12-08 23:33:00 [WARNING] Can't keep up! Did the system time change, or is the server overloaded?
2022-12-08 23:33:45 [WARNING] Can't keep up! Did the system time change, or is the server overloaded?
2022-12-08 23:45:46 [WARNING] Can't keep up! Did the system time change, or is the server overloaded?
2022-12-08 23:48:28 [WARNING] Bia moved wrongly!
2022-12-08 23:48:33 [WARNING] Bia moved wrongly!
2022-12-08 23:48:58 [WARNING] Bia moved wrongly!
2022-12-08 23:49:03 [WARNING] Bia moved wrongly!
2022-12-08 23:51:01 [WARNING] Can't keep up! Did the system time change, or is the server overloaded?
2022-12-08 23:52:31 [WARNING] Can't keep up! Did the system time change, or is the server overloaded?
2022-12-08 23:53:17 [WARNING] Can't keep up! Did the system time change, or is the server overloaded?
2022-12-08 23:54:03 [WARNING] Can't keep up! Did the system time change, or is the server overloaded?
2022-12-08 23:55:17 [WARNING] Bia moved wrongly!
2022-12-08 23:55:20 [WARNING] Bia moved wrongly!
2022-12-08 23:55:46 [WARNING] Bia moved wrongly!
2022-12-08 23:55:49 [WARNING] Bia moved wrongly!
2022-12-08 23:56:35 [WARNING] Bia moved wrongly!
2022-12-08 23:56:38 [WARNING] Bia moved wrongly!
2022-12-08 23:59:19 [WARNING] Can't keep up! Did the system time change, or is the server overloaded?
2022-12-09 00:00:04 [WARNING] Can't keep up! Did the system time change, or is the server overloaded?
2022-12-09 00:00:49 [WARNING] Can't keep up! Did the system time change, or is the server overloaded?
2022-12-09 00:01:35 [WARNING] Can't keep up! Did the system time change, or is the server overloaded?
2022-12-09 00:02:20 [WARNING] Can't keep up! Did the system time change, or is the server overloaded?
2022-12-09 00:03:50 [WARNING] Can't keep up! Did the system time change, or is the server overloaded?
2022-12-09 00:04:36 [WARNING] Can't keep up! Did the system time change, or is the server overloaded?
2022-12-09 00:05:22 [WARNING] Can't keep up! Did the system time change, or is the server overloaded?
2022-12-09 00:05:56 [WARNING] Bia moved wrongly!
2022-12-09 00:05:58 [WARNING] Bia moved wrongly!
2022-12-09 00:06:52 [WARNING] Bia moved wrongly!
2022-12-09 00:07:32 [WARNING] Bia moved wrongly!
2022-12-09 00:08:23 [WARNING] Can't keep up! Did the system time change, or is the server overloaded?
2022-12-09 00:09:08 [WARNING] Can't keep up! Did the system time change, or is the server overloaded?
2022-12-09 00:09:41 [INFO] /163.172.139.143:32954 lost connection
2022-12-09 00:09:46 [INFO] /163.172.139.143:45156 lost connection
2022-12-09 00:09:46 [WARNING] Bia moved wrongly!
2022-12-09 00:09:50 [WARNING] Bia moved wrongly!
2022-12-09 00:09:54 [WARNING] Can't keep up! Did the system time change, or is the server overloaded?
2022-12-09 00:10:06 [WARNING] Bia moved wrongly!
2022-12-09 00:10:09 [WARNING] Bia moved wrongly!
2022-12-09 00:12:54 [WARNING] Can't keep up! Did the system time change, or is the server overloaded?
2022-12-09 00:18:16 [WARNING] Bia moved wrongly!
2022-12-09 00:18:23 [WARNING] Bia moved wrongly!
2022-12-09 00:18:34 [WARNING] Bia moved wrongly!
2022-12-09 00:19:00 [WARNING] Bia moved wrongly!
2022-12-09 00:19:06 [WARNING] Bia moved wrongly!
2022-12-09 00:19:11 [WARNING] Bia moved wrongly!
2022-12-09 00:26:31 [INFO] /89.114.83.230:55070 lost connection
2022-12-09 00:26:32 [INFO] RuiTails[/192.168.1.65:55074] logged in with entity id 85171 at (449.58985468084035, 72.0, 15.787378859855586)
2022-12-09 00:29:40 [WARNING] RuiTails moved wrongly!
2022-12-09 00:30:21 [WARNING] RuiTails moved wrongly!
2022-12-09 00:30:22 [WARNING] RuiTails moved wrongly!
2022-12-09 00:30:29 [WARNING] RuiTails moved wrongly!
2022-12-09 00:30:30 [WARNING] RuiTails moved wrongly!
2022-12-09 00:30:40 [WARNING] RuiTails moved wrongly!
2022-12-09 00:35:38 [INFO] Bia lost connection: disconnect.genericReason
2022-12-09 00:37:37 [INFO] Bia[/89.153.136.87:58832] logged in with entity id 97142 at (386.29408324715183, 64.0, 105.74277903329417)
2022-12-09 00:38:28 [WARNING] Bia moved wrongly!
2022-12-09 00:38:30 [WARNING] Bia moved wrongly!
2022-12-09 00:39:27 [WARNING] Can't keep up! Did the system time change, or is the server overloaded?
2022-12-09 00:39:53 [WARNING] Bia moved wrongly!
2022-12-09 00:39:55 [WARNING] Bia moved wrongly!
2022-12-09 00:41:33 [WARNING] Bia moved wrongly!
2022-12-09 00:41:36 [WARNING] Bia moved wrongly!
2022-12-09 00:42:09 [WARNING] Bia moved wrongly!
2022-12-09 00:42:12 [WARNING] Bia moved wrongly!
2022-12-09 00:43:49 [WARNING] RuiTails moved wrongly!
2022-12-09 00:46:02 [WARNING] Bia moved wrongly!
2022-12-09 00:46:05 [WARNING] Bia moved wrongly!
2022-12-09 00:46:11 [INFO] [RuiTails: Teleported RuiTails to Bia]
2022-12-09 00:46:28 [WARNING] Bia moved wrongly!
2022-12-09 00:46:32 [WARNING] Bia moved wrongly!
2022-12-09 00:48:13 [WARNING] RuiTails moved wrongly!
2022-12-09 00:48:15 [WARNING] RuiTails moved wrongly!
2022-12-09 00:48:32 [WARNING] RuiTails moved wrongly!
2022-12-09 00:48:34 [WARNING] RuiTails moved wrongly!
2022-12-09 00:48:40 [INFO] [RuiTails: Toggled downfall]
2022-12-09 00:48:57 [INFO] [RuiTails: Toggled downfall]
2022-12-09 00:50:04 [WARNING] Bia moved wrongly!
2022-12-09 00:50:08 [WARNING] Bia moved wrongly!
2022-12-09 00:52:17 [WARNING] RuiTails moved wrongly!
2022-12-09 00:52:21 [WARNING] RuiTails moved wrongly!
2022-12-09 00:53:36 [WARNING] RuiTails moved wrongly!
2022-12-09 00:54:05 [WARNING] Bia moved wrongly!
2022-12-09 00:54:07 [WARNING] Bia moved wrongly!
2022-12-09 00:54:35 [WARNING] Bia moved wrongly!
2022-12-09 00:54:37 [WARNING] Bia moved wrongly!
2022-12-09 00:57:29 [WARNING] RuiTails moved wrongly!
2022-12-09 00:57:31 [WARNING] RuiTails moved wrongly!
2022-12-09 00:58:26 [INFO] [RuiTails: Teleported RuiTails to 53.50,70.50,18.50]
2022-12-09 00:58:44 [WARNING] RuiTails moved wrongly!
2022-12-09 01:01:31 [WARNING] Bia moved wrongly!
2022-12-09 01:01:34 [WARNING] Bia moved wrongly!
2022-12-09 01:11:44 [INFO] [RuiTails: Toggled downfall]
2022-12-09 01:16:29 [WARNING] Bia moved wrongly!
2022-12-09 01:16:32 [WARNING] Bia moved wrongly!
2022-12-09 01:18:50 [WARNING] RuiTails moved wrongly!
2022-12-09 01:19:24 [WARNING] Bia moved wrongly!
2022-12-09 01:19:27 [WARNING] Bia moved wrongly!
2022-12-09 01:22:29 [WARNING] Bia moved wrongly!
2022-12-09 01:22:31 [WARNING] Bia moved wrongly!
2022-12-09 01:38:19 [WARNING] RuiTails moved wrongly!
2022-12-09 01:38:27 [WARNING] RuiTails moved wrongly!
2022-12-09 01:42:33 [WARNING] Bia moved wrongly!
2022-12-09 01:42:41 [WARNING] Bia moved wrongly!
2022-12-09 01:43:01 [WARNING] RuiTails moved wrongly!
2022-12-09 01:44:13 [INFO] Bia lost connection: disconnect.genericReason
2022-12-09 01:46:26 [INFO] Bia[/89.153.136.87:56361] logged in with entity id 189019 at (430.1964960498856, 82.0, 10.241132069064316)
2022-12-09 01:46:41 [SEVERE] Encountered an unexpected exception NoClassDefFoundError
java.lang.NoClassDefFoundError: org/lwjgl/input/Keyboard
	at shukaro.artifice.recipe.BoxCraftingHandler.onCrafting(BoxCraftingHandler.java:28)
	at cpw.mods.fml.common.registry.GameRegistry.onItemCrafted(GameRegistry.java:321)
	at net.minecraft.inventory.SlotCrafting.func_82870_a(SlotCrafting.java:118)
	at net.minecraft.inventory.Container.func_75144_a(SourceFile:237)
	at net.minecraft.network.NetServerHandler.func_72523_a(NetServerHandler.java:897)
	at net.minecraft.network.packet.Packet102WindowClick.func_73279_a(SourceFile:31)
	at net.minecraft.network.TcpConnection.func_74428_b(TcpConnection.java:461)
	at net.minecraft.network.NetServerHandler.func_72570_d(NetServerHandler.java:134)
	at net.minecraft.network.NetworkListenThread.func_71747_b(NetworkListenThread.java:53)
	at net.minecraft.server.dedicated.DedicatedServerListenThread.func_71747_b(SourceFile:30)
	at net.minecraft.server.MinecraftServer.func_71190_q(MinecraftServer.java:677)
	at net.minecraft.server.dedicated.DedicatedServer.func_71190_q(DedicatedServer.java:275)
	at net.minecraft.server.MinecraftServer.func_71217_p(MinecraftServer.java:573)
	at net.minecraft.server.MinecraftServer.run(MinecraftServer.java:470)
	at net.minecraft.server.ThreadMinecraftServer.run(SourceFile:573)
Caused by: java.lang.ClassNotFoundException: org.lwjgl.input.Keyboard
	at java.net.URLClassLoader.findClass(Unknown Source)
	at java.lang.ClassLoader.loadClass(Unknown Source)
	at sun.misc.Launcher$AppClassLoader.loadClass(Unknown Source)
	at java.lang.ClassLoader.loadClass(Unknown Source)
	at cpw.mods.fml.relauncher.RelaunchClassLoader.findClass(RelaunchClassLoader.java:145)
	at java.lang.ClassLoader.loadClass(Unknown Source)
	at java.lang.ClassLoader.loadClass(Unknown Source)
	... 15 more
2022-12-09 01:46:41 [SEVERE] This crash report has been saved to: C:\Users\ruita\OneDrive\Desktop\Hexxit_Server_v1.0.10\.\crash-reports\crash-2022-12-09_01.46.41-server.txt
2022-12-09 01:47:07 [INFO] Stopping server
2022-12-09 01:47:29 [INFO] Starting minecraft server version 1.5.2
2022-12-09 01:47:35 [INFO] Loading properties
2022-12-09 01:47:35 [INFO] Default game type: SURVIVAL
2022-12-09 01:47:35 [INFO] Generating keypair
2022-12-09 01:47:35 [INFO] Starting Minecraft server on *:25565
2022-12-09 01:47:35 [WARNING] **** SERVER IS RUNNING IN OFFLINE/INSECURE MODE!
2022-12-09 01:47:35 [WARNING] The server will make no attempt to authenticate usernames. Beware.
2022-12-09 01:47:35 [WARNING] While this makes the game possible to play without internet access, it also opens up the ability for hackers to connect with any username they choose.
2022-12-09 01:47:35 [WARNING] To change this, set "online-mode" to "true" in the server.properties file.
2022-12-09 01:47:38 [INFO] Preparing level "world"
2022-12-09 01:47:40 [INFO] Preparing start region for level 0
2022-12-09 01:47:40 [INFO] Done (2.355s)! For help, type "help" or "?"
2022-12-09 01:47:40 [INFO] /127.0.0.1:58439 lost connection
2022-12-09 01:47:40 [INFO] /192.168.1.65:58437 lost connection
2022-12-09 01:47:40 [INFO] /89.114.83.230:58436 lost connection
2022-12-09 01:47:42 [INFO] RuiTails[/192.168.1.65:58444] logged in with entity id 342 at (380.328856391809, 66.0, 84.91725792672653)
2022-12-09 01:47:47 [INFO] Bia[/89.153.136.87:56385] logged in with entity id 456 at (425.2540223378118, 81.0, 10.95446843277342)
2022-12-09 01:47:54 [WARNING] Bia moved wrongly!
2022-12-09 01:47:56 [WARNING] Bia moved wrongly!
2022-12-09 01:52:35 [WARNING] RuiTails moved wrongly!
2022-12-09 01:53:03 [WARNING] Bia moved wrongly!
2022-12-09 01:53:05 [WARNING] Bia moved wrongly!
2022-12-09 01:55:57 [WARNING] Bia moved wrongly!
2022-12-09 01:56:00 [WARNING] Bia moved wrongly!
2022-12-09 02:04:56 [WARNING] RuiTails moved wrongly!
2022-12-09 02:06:26 [WARNING] RuiTails moved wrongly!
2022-12-09 02:06:38 [WARNING] RuiTails moved wrongly!
2022-12-09 02:10:22 [WARNING] RuiTails moved wrongly!
2022-12-09 02:10:25 [WARNING] RuiTails moved wrongly!
2022-12-09 02:11:10 [INFO] [RuiTails: Teleported RuiTails to Bia]
2022-12-09 02:15:37 [WARNING] RuiTails moved wrongly!
2022-12-09 02:15:42 [WARNING] RuiTails moved wrongly!
2022-12-09 02:16:35 [WARNING] RuiTails moved wrongly!
2022-12-09 02:16:38 [WARNING] RuiTails moved wrongly!
2022-12-09 02:18:00 [WARNING] RuiTails moved wrongly!
2022-12-09 02:23:57 [WARNING] Bia moved wrongly!
2022-12-09 02:24:00 [WARNING] Bia moved wrongly!
2022-12-09 02:28:06 [WARNING] Bia moved wrongly!
2022-12-09 02:28:09 [WARNING] Bia moved wrongly!
2022-12-09 02:32:27 [WARNING] RuiTails moved wrongly!
2022-12-09 02:39:35 [WARNING] RuiTails moved wrongly!
2022-12-09 02:48:39 [WARNING] RuiTails moved wrongly!
2022-12-09 02:48:42 [WARNING] RuiTails moved wrongly!
2022-12-09 02:50:26 [WARNING] RuiTails moved wrongly!
2022-12-09 02:50:31 [WARNING] RuiTails moved wrongly!
2022-12-09 02:54:43 [INFO] Bia lost connection: disconnect.genericReason
2022-12-09 02:58:40 [INFO] Bia[/89.153.136.87:61416] logged in with entity id 72219 at (398.90771052149915, 63.0, 146.0438975920741)
2022-12-09 03:02:51 [INFO] [RuiTails: Toggled downfall]
2022-12-09 03:17:49 [WARNING] Bia moved wrongly!
2022-12-09 03:17:54 [WARNING] Bia moved wrongly!
2022-12-09 03:18:01 [WARNING] Bia moved wrongly!
2022-12-09 03:18:28 [INFO] Bia lost connection: disconnect.quitting
2022-12-09 03:19:31 [WARNING] RuiTails moved wrongly!
2022-12-09 03:19:34 [WARNING] RuiTails moved wrongly!
2022-12-09 03:22:53 [INFO] RuiTails lost connection: disconnect.genericReason
2022-12-09 03:28:59 [WARNING] Can't keep up! Did the system time change, or is the server overloaded?
2022-12-09 05:56:05 [INFO] /192.241.212.241:41780 lost connection
2022-12-09 06:02:08 [INFO] /103.56.61.147:58284 lost connection
2022-12-09 07:54:40 [INFO] Disconnecting /172.105.11.95:40448: Protocol error
2022-12-09 07:54:40 [INFO] /172.105.11.95:40448 lost connection
2022-12-09 09:38:50 [INFO] Unknown command. Try /help for a list of commands.
2022-12-09 09:38:51 [INFO] Stopping server
2022-12-09 09:38:51 [INFO] Saving players
2022-12-14 01:52:29 [INFO] Starting minecraft server version 1.5.2
2022-12-14 01:52:37 [INFO] Loading properties
2022-12-14 01:52:37 [INFO] Default game type: SURVIVAL
2022-12-14 01:52:37 [INFO] Generating keypair
2022-12-14 01:52:37 [INFO] Starting Minecraft server on *:25565
2022-12-14 01:52:37 [WARNING] **** SERVER IS RUNNING IN OFFLINE/INSECURE MODE!
2022-12-14 01:52:37 [WARNING] The server will make no attempt to authenticate usernames. Beware.
2022-12-14 01:52:37 [WARNING] While this makes the game possible to play without internet access, it also opens up the ability for hackers to connect with any username they choose.
2022-12-14 01:52:37 [WARNING] To change this, set "online-mode" to "true" in the server.properties file.
2022-12-14 01:52:40 [INFO] Preparing level "world"
2022-12-14 01:52:42 [INFO] Preparing start region for level 0
2022-12-14 01:52:43 [INFO] Done (2.588s)! For help, type "help" or "?"
2022-12-14 01:52:50 [INFO] /192.168.1.65:56036 lost connection
2022-12-14 01:52:53 [INFO] Bia[/89.153.136.87:54729] logged in with entity id 377 at (411.9872537055847, 100.0, 18.052644058432932)
2022-12-14 01:52:58 [INFO] RuiTails[/192.168.1.65:56046] logged in with entity id 710 at (419.7324251796278, 81.0, 16.002874235755066)
2022-12-14 01:53:41 [INFO] [RuiTails: Set own game mode to Creative Mode]
2022-12-14 01:54:06 [INFO] RuiTails lost connection: disconnect.quitting
2022-12-14 01:54:26 [INFO] Starting minecraft server version 1.5.2
2022-12-14 01:54:33 [INFO] Loading properties
2022-12-14 01:54:33 [INFO] Default game type: SURVIVAL
2022-12-14 01:54:33 [INFO] Generating keypair
2022-12-14 01:54:33 [INFO] Starting Minecraft server on *:25565
2022-12-14 01:54:33 [WARNING] **** SERVER IS RUNNING IN OFFLINE/INSECURE MODE!
2022-12-14 01:54:33 [WARNING] The server will make no attempt to authenticate usernames. Beware.
2022-12-14 01:54:33 [WARNING] While this makes the game possible to play without internet access, it also opens up the ability for hackers to connect with any username they choose.
2022-12-14 01:54:33 [WARNING] To change this, set "online-mode" to "true" in the server.properties file.
2022-12-14 01:54:36 [INFO] Preparing level "world"
2022-12-14 01:54:38 [INFO] Preparing start region for level 0
2022-12-14 01:54:39 [INFO] Done (2.833s)! For help, type "help" or "?"
2022-12-14 01:54:39 [INFO] /192.168.1.65:56075 lost connection
2022-12-14 01:54:39 [INFO] /127.0.0.1:56077 lost connection
2022-12-14 01:54:39 [INFO] /89.114.83.230:56076 lost connection
2022-12-14 01:54:39 [INFO] /192.168.1.65:56080 lost connection
2022-12-14 01:54:39 [INFO] /89.114.83.230:56081 lost connection
2022-12-14 01:54:41 [INFO] RuiTails[/192.168.1.65:56087] logged in with entity id 357 at (423.91889864796406, 81.0, 13.38124490489878)
2022-12-14 01:54:45 [INFO] Bia[/89.153.136.87:54755] logged in with entity id 613 at (413.3696857263193, 87.0, 25.339886994275652)
2022-12-14 01:57:04 [INFO] [RuiTails: Set own game mode to Survival Mode]
2022-12-14 02:05:00 [WARNING] RuiTails moved wrongly!
2022-12-14 02:05:37 [WARNING] RuiTails moved wrongly!
2022-12-14 02:05:39 [WARNING] RuiTails moved wrongly!
2022-12-14 02:08:04 [WARNING] RuiTails moved wrongly!
2022-12-14 02:08:15 [WARNING] RuiTails moved wrongly!
2022-12-14 02:08:49 [INFO] [RuiTails: Toggled downfall]
2022-12-14 02:12:43 [WARNING] Bia moved wrongly!
2022-12-14 02:12:47 [WARNING] Bia moved wrongly!
2022-12-14 02:18:20 [INFO] CostaGamesPT[/161.230.120.225:17759] logged in with entity id 23098 at (247.5, 100.0, 247.5)
2022-12-14 02:20:43 [WARNING] Bia moved wrongly!
2022-12-14 02:21:45 [WARNING] RuiTails moved wrongly!
2022-12-14 02:22:32 [INFO] <CostaGamesPT> zzzzzzzzzzzzzzzzzzzzzz
2022-12-14 02:23:02 [WARNING] RuiTails moved wrongly!
2022-12-14 02:23:44 [WARNING] Bia moved wrongly!
2022-12-14 02:23:48 [WARNING] Bia moved wrongly!
2022-12-14 02:28:03 [INFO] CostaGamesPT lost connection: disconnect.quitting
2022-12-14 02:28:18 [INFO] Bia lost connection: disconnect.genericReason
2022-12-14 02:30:34 [INFO] RuiTails lost connection: disconnect.quitting
