[22:58:37] [ServerMain/INFO]: Environment: authHost='https://authserver.mojang.com', accountsHost='https://api.mojang.com', sessionHost='https://sessionserver.mojang.com', servicesHost='https://api.minecraftservices.com', name='PROD'
[22:58:39] [ServerMain/INFO]: Loaded 7 recipes
[22:58:39] [ServerMain/INFO]: Loaded 1179 advancements
[22:58:39] [Server thread/INFO]: Starting minecraft server version 1.19.4
[22:58:39] [Server thread/INFO]: Loading properties
[22:58:39] [Server thread/INFO]: Default game type: SURVIVAL
[22:58:39] [Server thread/INFO]: Generating keypair
[22:58:39] [Server thread/INFO]: Starting Minecraft server on *:25565
[22:58:40] [Server thread/INFO]: Using default channel type
[22:58:40] [Server thread/INFO]: Preparing level "world"
[22:58:42] [Server thread/INFO]: Preparing start region for dimension minecraft:overworld
[22:58:45] [Worker-Main-5/INFO]: Preparing spawn area: 0%
[22:58:45] [Worker-Main-5/INFO]: Preparing spawn area: 0%
[22:58:45] [Worker-Main-5/INFO]: Preparing spawn area: 0%
[22:58:45] [Worker-Main-1/INFO]: Preparing spawn area: 0%
[22:58:45] [Worker-Main-1/INFO]: Preparing spawn area: 0%
[22:58:45] [Worker-Main-5/INFO]: Preparing spawn area: 0%
[22:58:45] [Worker-Main-4/INFO]: Preparing spawn area: 0%
[22:58:45] [Worker-Main-2/INFO]: Preparing spawn area: 2%
[22:58:46] [Worker-Main-4/INFO]: Preparing spawn area: 55%
[22:58:46] [Server thread/INFO]: Time elapsed: 4317 ms
[22:58:46] [Server thread/INFO]: Done (6.383s)! For help, type "help"
[22:59:51] [User Authenticator #1/INFO]: UUID of player RuiTails is c5383ca2-1ec3-49ae-899f-42b3190b5d63
[22:59:52] [Server thread/INFO]: RuiTails[/89.114.83.230:56686] logged in with entity id 10 at (668.5105074698038, 70.0, 484.6880812707434)
[22:59:52] [Server thread/INFO]: RuiTails joined the game
[22:59:54] [Server thread/WARN]: Can't keep up! Is the server overloaded? Running 2245ms or 44 ticks behind
[23:00:03] [Server thread/INFO]: RuiTails lost connection: Disconnected
[23:00:03] [Server thread/INFO]: RuiTails left the game
[23:00:06] [Server thread/INFO]: Stopping the server
[23:00:06] [Server thread/INFO]: Stopping server
[23:00:06] [Server thread/INFO]: Saving players
[23:00:06] [Server thread/INFO]: Saving worlds
[23:00:06] [Server thread/INFO]: Saving chunks for level 'ServerLevel[world]'/minecraft:overworld
[23:00:07] [Server thread/INFO]: Saving chunks for level 'ServerLevel[world]'/minecraft:the_nether
[23:00:07] [Server thread/INFO]: Saving chunks for level 'ServerLevel[world]'/minecraft:the_end
[23:00:07] [Server thread/INFO]: ThreadedAnvilChunkStorage (world): All chunks are saved
[23:00:07] [Server thread/INFO]: ThreadedAnvilChunkStorage (DIM-1): All chunks are saved
[23:00:07] [Server thread/INFO]: ThreadedAnvilChunkStorage (DIM1): All chunks are saved
[23:00:07] [Server thread/INFO]: ThreadedAnvilChunkStorage: All dimensions are saved
